<?xml version="1.0" encoding="UTF-8"?>
<testsuite xmlns:xsi="http://www.w3.org/2001/XMLSchema-instance" xsi:noNamespaceSchemaLocation="https://maven.apache.org/surefire/maven-surefire-plugin/xsd/surefire-test-report-3.0.xsd" version="3.0" name="helseapp.ui.GUITest" time="7.003" tests="4" errors="1" skipped="0" failures="0">
  <properties>
    <property name="awt.toolkit" value="sun.awt.X11.XToolkit"/>
    <property name="jdk.extensions.version" value="14.0.2.0"/>
    <property name="file.encoding.pkg" value="sun.io"/>
    <property name="java.specification.version" value="14"/>
    <property name="javafx.runtime.version" value="14.0.1+1"/>
    <property name="sun.jnu.encoding" value="UTF-8"/>
    <property name="java.class.path" value="/workspace/gr2059/helseapp/fxui/target/test-classes:/workspace/gr2059/helseapp/fxui/target/classes:/workspace/gr2059/helseapp/core/target/core-0.0.1-SNAPSHOT.jar:/workspace/m2-repository/com/fasterxml/jackson/core/jackson-core/2.11.2/jackson-core-2.11.2.jar:/workspace/m2-repository/com/fasterxml/jackson/core/jackson-databind/2.11.2/jackson-databind-2.11.2.jar:/workspace/m2-repository/com/fasterxml/jackson/core/jackson-annotations/2.11.2/jackson-annotations-2.11.2.jar:/workspace/m2-repository/org/openjfx/javafx-fxml/14.0.1/javafx-fxml-14.0.1.jar:/workspace/m2-repository/org/openjfx/javafx-fxml/14.0.1/javafx-fxml-14.0.1-linux.jar:/workspace/m2-repository/org/openjfx/javafx-controls/14.0.1/javafx-controls-14.0.1.jar:/workspace/m2-repository/org/openjfx/javafx-controls/14.0.1/javafx-controls-14.0.1-linux.jar:/workspace/m2-repository/org/openjfx/javafx-graphics/14.0.1/javafx-graphics-14.0.1.jar:/workspace/m2-repository/org/openjfx/javafx-graphics/14.0.1/javafx-graphics-14.0.1-linux.jar:/workspace/m2-repository/org/openjfx/javafx-base/14.0.1/javafx-base-14.0.1.jar:/workspace/m2-repository/org/openjfx/javafx-base/14.0.1/javafx-base-14.0.1-linux.jar:/workspace/m2-repository/org/junit/jupiter/junit-jupiter-api/5.7.0/junit-jupiter-api-5.7.0.jar:/workspace/m2-repository/org/apiguardian/apiguardian-api/1.1.0/apiguardian-api-1.1.0.jar:/workspace/m2-repository/org/opentest4j/opentest4j/1.2.0/opentest4j-1.2.0.jar:/workspace/m2-repository/org/junit/platform/junit-platform-commons/1.7.0/junit-platform-commons-1.7.0.jar:/workspace/m2-repository/org/junit/jupiter/junit-jupiter-engine/5.7.0/junit-jupiter-engine-5.7.0.jar:/workspace/m2-repository/org/junit/platform/junit-platform-engine/1.7.0/junit-platform-engine-1.7.0.jar:/workspace/m2-repository/org/mockito/mockito-core/3.5.10/mockito-core-3.5.10.jar:/workspace/m2-repository/net/bytebuddy/byte-buddy/1.10.13/byte-buddy-1.10.13.jar:/workspace/m2-repository/net/bytebuddy/byte-buddy-agent/1.10.13/byte-buddy-agent-1.10.13.jar:/workspace/m2-repository/org/objenesis/objenesis/3.1/objenesis-3.1.jar:/workspace/m2-repository/org/jetbrains/annotations/16.0.2/annotations-16.0.2.jar:/workspace/m2-repository/org/testfx/testfx-core/4.0.16-alpha/testfx-core-4.0.16-alpha.jar:/workspace/m2-repository/org/hamcrest/hamcrest-core/1.3/hamcrest-core-1.3.jar:/workspace/m2-repository/org/assertj/assertj-core/3.13.2/assertj-core-3.13.2.jar:/workspace/m2-repository/org/testfx/testfx-junit5/4.0.16-alpha/testfx-junit5-4.0.16-alpha.jar:/workspace/m2-repository/org/hamcrest/hamcrest/2.1/hamcrest-2.1.jar:"/>
    <property name="java.vm.vendor" value="Eclipse OpenJ9"/>
    <property name="sun.arch.data.model" value="64"/>
    <property name="com.ibm.vm.bitmode" value="64"/>
    <property name="user.variant" value=""/>
    <property name="com.ibm.oti.vm.library.version" value="29"/>
    <property name="java.vendor.url" value="https://adoptopenjdk.net/"/>
    <property name="user.timezone" value="Etc/UTC"/>
    <property name="os.name" value="Linux"/>
    <property name="java.vm.specification.version" value="14"/>
    <property name="javafx.version" value="14.0.1"/>
    <property name="sun.java.launcher" value="SUN_STANDARD"/>
    <property name="user.country" value="US"/>
    <property name="sun.boot.library.path" value="/home/gitpod/.sdkman/candidates/java/14.0.2.j9-adpt/lib/compressedrefs:/home/gitpod/.sdkman/candidates/java/14.0.2.j9-adpt/lib"/>
    <property name="sun.java.command" value="/workspace/gr2059/helseapp/fxui/target/surefire/surefirebooter13314609085528467162.jar /workspace/gr2059/helseapp/fxui/target/surefire 2020-10-30T09-44-17_646-jvmRun1 surefire14843190681682482384tmp surefire_16633079093706369976tmp"/>
    <property name="surefire.test.class.path" value="/workspace/gr2059/helseapp/fxui/target/test-classes:/workspace/gr2059/helseapp/fxui/target/classes:/workspace/gr2059/helseapp/core/target/core-0.0.1-SNAPSHOT.jar:/workspace/m2-repository/com/fasterxml/jackson/core/jackson-core/2.11.2/jackson-core-2.11.2.jar:/workspace/m2-repository/com/fasterxml/jackson/core/jackson-databind/2.11.2/jackson-databind-2.11.2.jar:/workspace/m2-repository/com/fasterxml/jackson/core/jackson-annotations/2.11.2/jackson-annotations-2.11.2.jar:/workspace/m2-repository/org/openjfx/javafx-fxml/14.0.1/javafx-fxml-14.0.1.jar:/workspace/m2-repository/org/openjfx/javafx-fxml/14.0.1/javafx-fxml-14.0.1-linux.jar:/workspace/m2-repository/org/openjfx/javafx-controls/14.0.1/javafx-controls-14.0.1.jar:/workspace/m2-repository/org/openjfx/javafx-controls/14.0.1/javafx-controls-14.0.1-linux.jar:/workspace/m2-repository/org/openjfx/javafx-graphics/14.0.1/javafx-graphics-14.0.1.jar:/workspace/m2-repository/org/openjfx/javafx-graphics/14.0.1/javafx-graphics-14.0.1-linux.jar:/workspace/m2-repository/org/openjfx/javafx-base/14.0.1/javafx-base-14.0.1.jar:/workspace/m2-repository/org/openjfx/javafx-base/14.0.1/javafx-base-14.0.1-linux.jar:/workspace/m2-repository/org/junit/jupiter/junit-jupiter-api/5.7.0/junit-jupiter-api-5.7.0.jar:/workspace/m2-repository/org/apiguardian/apiguardian-api/1.1.0/apiguardian-api-1.1.0.jar:/workspace/m2-repository/org/opentest4j/opentest4j/1.2.0/opentest4j-1.2.0.jar:/workspace/m2-repository/org/junit/platform/junit-platform-commons/1.7.0/junit-platform-commons-1.7.0.jar:/workspace/m2-repository/org/junit/jupiter/junit-jupiter-engine/5.7.0/junit-jupiter-engine-5.7.0.jar:/workspace/m2-repository/org/junit/platform/junit-platform-engine/1.7.0/junit-platform-engine-1.7.0.jar:/workspace/m2-repository/org/mockito/mockito-core/3.5.10/mockito-core-3.5.10.jar:/workspace/m2-repository/net/bytebuddy/byte-buddy/1.10.13/byte-buddy-1.10.13.jar:/workspace/m2-repository/net/bytebuddy/byte-buddy-agent/1.10.13/byte-buddy-agent-1.10.13.jar:/workspace/m2-repository/org/objenesis/objenesis/3.1/objenesis-3.1.jar:/workspace/m2-repository/org/jetbrains/annotations/16.0.2/annotations-16.0.2.jar:/workspace/m2-repository/org/testfx/testfx-core/4.0.16-alpha/testfx-core-4.0.16-alpha.jar:/workspace/m2-repository/org/hamcrest/hamcrest-core/1.3/hamcrest-core-1.3.jar:/workspace/m2-repository/org/assertj/assertj-core/3.13.2/assertj-core-3.13.2.jar:/workspace/m2-repository/org/testfx/testfx-junit5/4.0.16-alpha/testfx-junit5-4.0.16-alpha.jar:/workspace/m2-repository/org/hamcrest/hamcrest/2.1/hamcrest-2.1.jar:"/>
    <property name="sun.cpu.endian" value="little"/>
    <property name="user.home" value="/home/gitpod"/>
    <property name="user.language" value="en"/>
    <property name="java.specification.vendor" value="Oracle Corporation"/>
    <property name="java.version.date" value="2020-07-14"/>
    <property name="java.home" value="/home/gitpod/.sdkman/candidates/java/14.0.2.j9-adpt"/>
    <property name="ibm.signalhandling.rs" value="false"/>
    <property name="file.separator" value="/"/>
    <property name="jdk.extensions.name" value="Extensions for OpenJDK for Eclipse OpenJ9"/>
    <property name="basedir" value="/workspace/gr2059/helseapp/fxui"/>
    <property name="line.separator" value="&#10;"/>
    <property name="java.vm.specification.vendor" value="Oracle Corporation"/>
    <property name="java.specification.name" value="Java Platform API Specification"/>
    <property name="java.compiler" value="j9jit29"/>
    <property name="com.ibm.util.extralibs.properties" value=""/>
    <property name="java.awt.graphicsenv" value="sun.awt.X11GraphicsEnvironment"/>
    <property name="com.ibm.oti.configuration" value="scar"/>
    <property name="java.awt.fonts" value=""/>
    <property name="surefire.real.class.path" value="/workspace/gr2059/helseapp/fxui/target/surefire/surefirebooter13314609085528467162.jar:/workspace/m2-repository/org/jacoco/org.jacoco.agent/0.8.5/org.jacoco.agent-0.8.5-runtime.jar"/>
    <property name="com.ibm.oti.shared.enabled" value="false"/>
    <property name="jdk.boot.class.path.append" value=""/>
    <property name="com.ibm.oti.vm.bootstrap.library.path" value="/home/gitpod/.sdkman/candidates/java/14.0.2.j9-adpt/lib/compressedrefs:/home/gitpod/.sdkman/candidates/java/14.0.2.j9-adpt/lib"/>
    <property name="com.ibm.cpu.endian" value="little"/>
    <property name="java.fullversion" value="14.0.2+12&#10;JRE 14 Linux amd64-64-Bit Compressed References 20200715_149 (JIT enabled, AOT enabled)&#10;OpenJ9   - 34cf4c075&#10;OMR      - 113e54219&#10;JCL      - 1d231bd6a2 based on jdk-14.0.2+12"/>
    <property name="java.runtime.version" value="14.0.2+12"/>
    <property name="user.name" value="gitpod"/>
    <property name="path.separator" value=":"/>
    <property name="os.version" value="4.19.112+"/>
    <property name="java.runtime.name" value="OpenJDK Runtime Environment"/>
    <property name="ibm.signalhandling.sigint" value="true"/>
    <property name="file.encoding" value="UTF-8"/>
    <property name="java.vm.name" value="Eclipse OpenJ9 VM"/>
    <property name="java.vendor.version" value="AdoptOpenJDK"/>
    <property name="ibm.signalhandling.sigchain" value="true"/>
    <property name="localRepository" value="/workspace/m2-repository"/>
    <property name="java.vendor.url.bug" value="https://github.com/AdoptOpenJDK/openjdk-support/issues"/>
    <property name="java.io.tmpdir" value="/tmp"/>
    <property name="java.version" value="14.0.2"/>
    <property name="com.ibm.system.agent.path" value="/home/gitpod/.sdkman/candidates/java/14.0.2.j9-adpt/lib"/>
    <property name="user.dir" value="/workspace/gr2059/helseapp/fxui"/>
    <property name="os.arch" value="amd64"/>
    <property name="java.vm.specification.name" value="Java Virtual Machine Specification"/>
    <property name="java.awt.printerjob" value="sun.print.PSPrinterJob"/>
    <property name="sun.nio.PageAlignDirectMemory" value="false"/>
    <property name="os.encoding" value="UTF-8"/>
    <property name="java.library.path" value="/home/gitpod/.sdkman/candidates/java/14.0.2.j9-adpt/lib/compressedrefs:/home/gitpod/.sdkman/candidates/java/14.0.2.j9-adpt/lib:/usr/lib64:/usr/lib"/>
    <property name="java.vendor" value="AdoptOpenJDK"/>
    <property name="java.vm.info" value="JRE 14 Linux amd64-64-Bit Compressed References 20200715_149 (JIT enabled, AOT enabled)&#10;OpenJ9   - 34cf4c075&#10;OMR      - 113e54219&#10;JCL      - 1d231bd6a2 based on jdk-14.0.2+12"/>
    <property name="sun.nio.MaxDirectMemorySize" value="2215772160"/>
    <property name="java.vm.version" value="openj9-0.21.0"/>
    <property name="com.ibm.jcl.checkClassPath" value=""/>
    <property name="ibm.system.encoding" value="UTF-8"/>
    <property name="sun.io.unicode.encoding" value="UnicodeLittle"/>
    <property name="java.class.version" value="58.0"/>
  </properties>
  <testcase name="testController_initial" classname="helseapp.ui.GUITest" time="4.387"/>
  <testcase name="testSetDataFields" classname="helseapp.ui.GUITest" time="1.008"/>
  <testcase name="testHenteData" classname="helseapp.ui.GUITest" time="0.783">
    <error type="java.lang.IllegalArgumentException"><![CDATA[java.lang.IllegalArgumentException: argument "src" is null
	at helseapp.ui.GUITest.testHenteData(GUITest.java:98)
]]></error>
    <system-err><![CDATA[Feil!
]]></system-err>
  </testcase>
  <testcase name="testDateChangeAction" classname="helseapp.ui.GUITest" time="0.739"/>
</testsuite>